[2025-02-09 14:57:19] production.ERROR: file_get_contents(D:\soft en\git-group-repository-group-5-sec-1\InitialProject\Source_Code\.env): Failed to open stream: No such file or directory {"exception":"[object] (ErrorException(code: 0): file_get_contents(D:\\soft en\\git-group-repository-group-5-sec-1\\InitialProject\\Source_Code\\.env): Failed to open stream: No such file or directory at D:\\soft en\\git-group-repository-group-5-sec-1\\InitialProject\\Source_Code\\vendor\\laravel\\framework\\src\\Illuminate\\Foundation\\Console\\KeyGenerateCommand.php:96)
[stacktrace]
#0 [internal function]: Illuminate\\Foundation\\Bootstrap\\HandleExceptions->handleError(2, 'file_get_conten...', 'D:\\\\soft en\\\\git-...', 96)
#1 D:\\soft en\\git-group-repository-group-5-sec-1\\InitialProject\\Source_Code\\vendor\\laravel\\framework\\src\\Illuminate\\Foundation\\Console\\KeyGenerateCommand.php(96): file_get_contents('D:\\\\soft en\\\\git-...')
#2 D:\\soft en\\git-group-repository-group-5-sec-1\\InitialProject\\Source_Code\\vendor\\laravel\\framework\\src\\Illuminate\\Foundation\\Console\\KeyGenerateCommand.php(80): Illuminate\\Foundation\\Console\\KeyGenerateCommand->writeNewEnvironmentFileWith('base64:Nb6CngXm...')
#3 D:\\soft en\\git-group-repository-group-5-sec-1\\InitialProject\\Source_Code\\vendor\\laravel\\framework\\src\\Illuminate\\Foundation\\Console\\KeyGenerateCommand.php(45): Illuminate\\Foundation\\Console\\KeyGenerateCommand->setKeyInEnvironmentFile('base64:Nb6CngXm...')
#4 D:\\soft en\\git-group-repository-group-5-sec-1\\InitialProject\\Source_Code\\vendor\\laravel\\framework\\src\\Illuminate\\Container\\BoundMethod.php(36): Illuminate\\Foundation\\Console\\KeyGenerateCommand->handle()
#5 D:\\soft en\\git-group-repository-group-5-sec-1\\InitialProject\\Source_Code\\vendor\\laravel\\framework\\src\\Illuminate\\Container\\Util.php(40): Illuminate\\Container\\BoundMethod::Illuminate\\Container\\{closure}()
#6 D:\\soft en\\git-group-repository-group-5-sec-1\\InitialProject\\Source_Code\\vendor\\laravel\\framework\\src\\Illuminate\\Container\\BoundMethod.php(93): Illuminate\\Container\\Util::unwrapIfClosure(Object(Closure))
#7 D:\\soft en\\git-group-repository-group-5-sec-1\\InitialProject\\Source_Code\\vendor\\laravel\\framework\\src\\Illuminate\\Container\\BoundMethod.php(37): Illuminate\\Container\\BoundMethod::callBoundMethod(Object(Illuminate\\Foundation\\Application), Array, Object(Closure))
#8 D:\\soft en\\git-group-repository-group-5-sec-1\\InitialProject\\Source_Code\\vendor\\laravel\\framework\\src\\Illuminate\\Container\\Container.php(653): Illuminate\\Container\\BoundMethod::call(Object(Illuminate\\Foundation\\Application), Array, Array, NULL)
#9 D:\\soft en\\git-group-repository-group-5-sec-1\\InitialProject\\Source_Code\\vendor\\laravel\\framework\\src\\Illuminate\\Console\\Command.php(136): Illuminate\\Container\\Container->call(Array)
#10 D:\\soft en\\git-group-repository-group-5-sec-1\\InitialProject\\Source_Code\\vendor\\symfony\\console\\Command\\Command.php(298): Illuminate\\Console\\Command->execute(Object(Symfony\\Component\\Console\\Input\\ArgvInput), Object(Illuminate\\Console\\OutputStyle))
#11 D:\\soft en\\git-group-repository-group-5-sec-1\\InitialProject\\Source_Code\\vendor\\laravel\\framework\\src\\Illuminate\\Console\\Command.php(121): Symfony\\Component\\Console\\Command\\Command->run(Object(Symfony\\Component\\Console\\Input\\ArgvInput), Object(Illuminate\\Console\\OutputStyle))
#12 D:\\soft en\\git-group-repository-group-5-sec-1\\InitialProject\\Source_Code\\vendor\\symfony\\console\\Application.php(1015): Illuminate\\Console\\Command->run(Object(Symfony\\Component\\Console\\Input\\ArgvInput), Object(Symfony\\Component\\Console\\Output\\ConsoleOutput))
#13 D:\\soft en\\git-group-repository-group-5-sec-1\\InitialProject\\Source_Code\\vendor\\symfony\\console\\Application.php(299): Symfony\\Component\\Console\\Application->doRunCommand(Object(Illuminate\\Foundation\\Console\\KeyGenerateCommand), Object(Symfony\\Component\\Console\\Input\\ArgvInput), Object(Symfony\\Component\\Console\\Output\\ConsoleOutput))
#14 D:\\soft en\\git-group-repository-group-5-sec-1\\InitialProject\\Source_Code\\vendor\\symfony\\console\\Application.php(171): Symfony\\Component\\Console\\Application->doRun(Object(Symfony\\Component\\Console\\Input\\ArgvInput), Object(Symfony\\Component\\Console\\Output\\ConsoleOutput))
#15 D:\\soft en\\git-group-repository-group-5-sec-1\\InitialProject\\Source_Code\\vendor\\laravel\\framework\\src\\Illuminate\\Console\\Application.php(94): Symfony\\Component\\Console\\Application->run(Object(Symfony\\Component\\Console\\Input\\ArgvInput), Object(Symfony\\Component\\Console\\Output\\ConsoleOutput))
#16 D:\\soft en\\git-group-repository-group-5-sec-1\\InitialProject\\Source_Code\\vendor\\laravel\\framework\\src\\Illuminate\\Foundation\\Console\\Kernel.php(129): Illuminate\\Console\\Application->run(Object(Symfony\\Component\\Console\\Input\\ArgvInput), Object(Symfony\\Component\\Console\\Output\\ConsoleOutput))
#17 D:\\soft en\\git-group-repository-group-5-sec-1\\InitialProject\\Source_Code\\artisan(37): Illuminate\\Foundation\\Console\\Kernel->handle(Object(Symfony\\Component\\Console\\Input\\ArgvInput), Object(Symfony\\Component\\Console\\Output\\ConsoleOutput))
#18 {main}
"} 
[2025-02-09 15:30:12] local.ERROR: syntax error, unexpected token "}", expecting "," or ";" or "{" {"exception":"[object] (Symfony\\Component\\ErrorHandler\\Error\\FatalError(code: 0): syntax error, unexpected token \"}\", expecting \",\" or \";\" or \"{\" at D:\\soft en\\git-group-repository-group-5-sec-1\\InitialProject\\Source_Code\\app\\Models\\Category.php:11)
[stacktrace]
#0 {main}
"} 
[2025-02-09 15:30:16] local.ERROR: syntax error, unexpected token "}", expecting "," or ";" or "{" {"exception":"[object] (Symfony\\Component\\ErrorHandler\\Error\\FatalError(code: 0): syntax error, unexpected token \"}\", expecting \",\" or \";\" or \"{\" at D:\\soft en\\git-group-repository-group-5-sec-1\\InitialProject\\Source_Code\\app\\Models\\Category.php:11)
[stacktrace]
#0 {main}
"} 
[2025-02-09 15:31:12] local.ERROR: syntax error, unexpected token "}", expecting "," or ";" or "{" {"exception":"[object] (Symfony\\Component\\ErrorHandler\\Error\\FatalError(code: 0): syntax error, unexpected token \"}\", expecting \",\" or \";\" or \"{\" at D:\\soft en\\git-group-repository-group-5-sec-1\\InitialProject\\Source_Code\\app\\Models\\Category.php:11)
[stacktrace]
#0 {main}
"} 
[2025-02-09 15:32:13] local.ERROR: syntax error, unexpected token "}", expecting "," or ";" or "{" {"exception":"[object] (Symfony\\Component\\ErrorHandler\\Error\\FatalError(code: 0): syntax error, unexpected token \"}\", expecting \",\" or \";\" or \"{\" at D:\\soft en\\git-group-repository-group-5-sec-1\\InitialProject\\Source_Code\\app\\Models\\Category.php:11)
[stacktrace]
#0 {main}
"} 
[2025-02-09 15:33:13] local.ERROR: syntax error, unexpected token "}", expecting "," or ";" or "{" {"exception":"[object] (Symfony\\Component\\ErrorHandler\\Error\\FatalError(code: 0): syntax error, unexpected token \"}\", expecting \",\" or \";\" or \"{\" at D:\\soft en\\git-group-repository-group-5-sec-1\\InitialProject\\Source_Code\\app\\Models\\Category.php:11)
[stacktrace]
#0 {main}
"} 
[2025-02-09 15:34:13] local.ERROR: syntax error, unexpected token "}", expecting "," or ";" or "{" {"exception":"[object] (Symfony\\Component\\ErrorHandler\\Error\\FatalError(code: 0): syntax error, unexpected token \"}\", expecting \",\" or \";\" or \"{\" at D:\\soft en\\git-group-repository-group-5-sec-1\\InitialProject\\Source_Code\\app\\Models\\Category.php:11)
[stacktrace]
#0 {main}
"} 
[2025-02-09 15:35:13] local.ERROR: syntax error, unexpected token "}", expecting "," or ";" or "{" {"exception":"[object] (Symfony\\Component\\ErrorHandler\\Error\\FatalError(code: 0): syntax error, unexpected token \"}\", expecting \",\" or \";\" or \"{\" at D:\\soft en\\git-group-repository-group-5-sec-1\\InitialProject\\Source_Code\\app\\Models\\Category.php:11)
[stacktrace]
#0 {main}
"} 
[2025-02-09 15:36:13] local.ERROR: syntax error, unexpected token "}", expecting "," or ";" or "{" {"exception":"[object] (Symfony\\Component\\ErrorHandler\\Error\\FatalError(code: 0): syntax error, unexpected token \"}\", expecting \",\" or \";\" or \"{\" at D:\\soft en\\git-group-repository-group-5-sec-1\\InitialProject\\Source_Code\\app\\Models\\Category.php:11)
[stacktrace]
#0 {main}
"} 
[2025-02-09 15:37:12] local.ERROR: syntax error, unexpected token "}", expecting "," or ";" or "{" {"exception":"[object] (Symfony\\Component\\ErrorHandler\\Error\\FatalError(code: 0): syntax error, unexpected token \"}\", expecting \",\" or \";\" or \"{\" at D:\\soft en\\git-group-repository-group-5-sec-1\\InitialProject\\Source_Code\\app\\Models\\Category.php:11)
[stacktrace]
#0 {main}
"} 
[2025-02-09 15:38:13] local.ERROR: syntax error, unexpected token "}", expecting "," or ";" or "{" {"exception":"[object] (Symfony\\Component\\ErrorHandler\\Error\\FatalError(code: 0): syntax error, unexpected token \"}\", expecting \",\" or \";\" or \"{\" at D:\\soft en\\git-group-repository-group-5-sec-1\\InitialProject\\Source_Code\\app\\Models\\Category.php:11)
[stacktrace]
#0 {main}
"} 
[2025-02-09 15:39:13] local.ERROR: syntax error, unexpected token "}", expecting "," or ";" or "{" {"exception":"[object] (Symfony\\Component\\ErrorHandler\\Error\\FatalError(code: 0): syntax error, unexpected token \"}\", expecting \",\" or \";\" or \"{\" at D:\\soft en\\git-group-repository-group-5-sec-1\\InitialProject\\Source_Code\\app\\Models\\Category.php:11)
[stacktrace]
#0 {main}
"} 
[2025-02-09 15:40:13] local.ERROR: syntax error, unexpected token "}", expecting "," or ";" or "{" {"exception":"[object] (Symfony\\Component\\ErrorHandler\\Error\\FatalError(code: 0): syntax error, unexpected token \"}\", expecting \",\" or \";\" or \"{\" at D:\\soft en\\git-group-repository-group-5-sec-1\\InitialProject\\Source_Code\\app\\Models\\Category.php:11)
[stacktrace]
#0 {main}
"} 
[2025-02-09 15:41:13] local.ERROR: syntax error, unexpected token "}", expecting "," or ";" or "{" {"exception":"[object] (Symfony\\Component\\ErrorHandler\\Error\\FatalError(code: 0): syntax error, unexpected token \"}\", expecting \",\" or \";\" or \"{\" at D:\\soft en\\git-group-repository-group-5-sec-1\\InitialProject\\Source_Code\\app\\Models\\Category.php:11)
[stacktrace]
#0 {main}
"} 
[2025-02-09 15:42:12] local.ERROR: syntax error, unexpected token "}", expecting "," or ";" or "{" {"exception":"[object] (Symfony\\Component\\ErrorHandler\\Error\\FatalError(code: 0): syntax error, unexpected token \"}\", expecting \",\" or \";\" or \"{\" at D:\\soft en\\git-group-repository-group-5-sec-1\\InitialProject\\Source_Code\\app\\Models\\Category.php:11)
[stacktrace]
#0 {main}
"} 
[2025-02-09 15:43:13] local.ERROR: syntax error, unexpected token "}", expecting "," or ";" or "{" {"exception":"[object] (Symfony\\Component\\ErrorHandler\\Error\\FatalError(code: 0): syntax error, unexpected token \"}\", expecting \",\" or \";\" or \"{\" at D:\\soft en\\git-group-repository-group-5-sec-1\\InitialProject\\Source_Code\\app\\Models\\Category.php:11)
[stacktrace]
#0 {main}
"} 
[2025-02-09 15:44:13] local.ERROR: syntax error, unexpected token "}", expecting "," or ";" or "{" {"exception":"[object] (Symfony\\Component\\ErrorHandler\\Error\\FatalError(code: 0): syntax error, unexpected token \"}\", expecting \",\" or \";\" or \"{\" at D:\\soft en\\git-group-repository-group-5-sec-1\\InitialProject\\Source_Code\\app\\Models\\Category.php:11)
[stacktrace]
#0 {main}
"} 
[2025-02-09 15:45:12] local.ERROR: syntax error, unexpected token "}", expecting "," or ";" or "{" {"exception":"[object] (Symfony\\Component\\ErrorHandler\\Error\\FatalError(code: 0): syntax error, unexpected token \"}\", expecting \",\" or \";\" or \"{\" at D:\\soft en\\git-group-repository-group-5-sec-1\\InitialProject\\Source_Code\\app\\Models\\Category.php:11)
[stacktrace]
#0 {main}
"} 
[2025-02-09 15:46:12] local.ERROR: syntax error, unexpected token "}", expecting "," or ";" or "{" {"exception":"[object] (Symfony\\Component\\ErrorHandler\\Error\\FatalError(code: 0): syntax error, unexpected token \"}\", expecting \",\" or \";\" or \"{\" at D:\\soft en\\git-group-repository-group-5-sec-1\\InitialProject\\Source_Code\\app\\Models\\Category.php:11)
[stacktrace]
#0 {main}
"} 
[2025-02-09 15:47:13] local.ERROR: syntax error, unexpected token "}", expecting "," or ";" or "{" {"exception":"[object] (Symfony\\Component\\ErrorHandler\\Error\\FatalError(code: 0): syntax error, unexpected token \"}\", expecting \",\" or \";\" or \"{\" at D:\\soft en\\git-group-repository-group-5-sec-1\\InitialProject\\Source_Code\\app\\Models\\Category.php:11)
[stacktrace]
#0 {main}
"} 
[2025-02-09 15:48:12] local.ERROR: syntax error, unexpected token "}", expecting "," or ";" or "{" {"exception":"[object] (Symfony\\Component\\ErrorHandler\\Error\\FatalError(code: 0): syntax error, unexpected token \"}\", expecting \",\" or \";\" or \"{\" at D:\\soft en\\git-group-repository-group-5-sec-1\\InitialProject\\Source_Code\\app\\Models\\Category.php:11)
[stacktrace]
#0 {main}
"} 
[2025-02-09 15:49:13] local.ERROR: syntax error, unexpected token "}", expecting "," or ";" or "{" {"exception":"[object] (Symfony\\Component\\ErrorHandler\\Error\\FatalError(code: 0): syntax error, unexpected token \"}\", expecting \",\" or \";\" or \"{\" at D:\\soft en\\git-group-repository-group-5-sec-1\\InitialProject\\Source_Code\\app\\Models\\Category.php:11)
[stacktrace]
#0 {main}
"} 
[2025-02-09 15:50:13] local.ERROR: syntax error, unexpected token "}", expecting "," or ";" or "{" {"exception":"[object] (Symfony\\Component\\ErrorHandler\\Error\\FatalError(code: 0): syntax error, unexpected token \"}\", expecting \",\" or \";\" or \"{\" at D:\\soft en\\git-group-repository-group-5-sec-1\\InitialProject\\Source_Code\\app\\Models\\Category.php:11)
[stacktrace]
#0 {main}
"} 
[2025-02-09 15:51:13] local.ERROR: syntax error, unexpected token "}", expecting "," or ";" or "{" {"exception":"[object] (Symfony\\Component\\ErrorHandler\\Error\\FatalError(code: 0): syntax error, unexpected token \"}\", expecting \",\" or \";\" or \"{\" at D:\\soft en\\git-group-repository-group-5-sec-1\\InitialProject\\Source_Code\\app\\Models\\Category.php:11)
[stacktrace]
#0 {main}
"} 
[2025-02-09 15:52:12] local.ERROR: syntax error, unexpected token "}", expecting "," or ";" or "{" {"exception":"[object] (Symfony\\Component\\ErrorHandler\\Error\\FatalError(code: 0): syntax error, unexpected token \"}\", expecting \",\" or \";\" or \"{\" at D:\\soft en\\git-group-repository-group-5-sec-1\\InitialProject\\Source_Code\\app\\Models\\Category.php:11)
[stacktrace]
#0 {main}
"} 
[2025-02-09 15:53:13] local.ERROR: syntax error, unexpected token "}", expecting "," or ";" or "{" {"exception":"[object] (Symfony\\Component\\ErrorHandler\\Error\\FatalError(code: 0): syntax error, unexpected token \"}\", expecting \",\" or \";\" or \"{\" at D:\\soft en\\git-group-repository-group-5-sec-1\\InitialProject\\Source_Code\\app\\Models\\Category.php:11)
[stacktrace]
#0 {main}
"} 
[2025-02-09 15:54:13] local.ERROR: syntax error, unexpected token "}", expecting "," or ";" or "{" {"exception":"[object] (Symfony\\Component\\ErrorHandler\\Error\\FatalError(code: 0): syntax error, unexpected token \"}\", expecting \",\" or \";\" or \"{\" at D:\\soft en\\git-group-repository-group-5-sec-1\\InitialProject\\Source_Code\\app\\Models\\Category.php:11)
[stacktrace]
#0 {main}
"} 
[2025-02-09 15:55:13] local.ERROR: syntax error, unexpected token "}", expecting "," or ";" or "{" {"exception":"[object] (Symfony\\Component\\ErrorHandler\\Error\\FatalError(code: 0): syntax error, unexpected token \"}\", expecting \",\" or \";\" or \"{\" at D:\\soft en\\git-group-repository-group-5-sec-1\\InitialProject\\Source_Code\\app\\Models\\Category.php:11)
[stacktrace]
#0 {main}
"} 
[2025-02-09 15:56:13] local.ERROR: syntax error, unexpected token "}", expecting "," or ";" or "{" {"exception":"[object] (Symfony\\Component\\ErrorHandler\\Error\\FatalError(code: 0): syntax error, unexpected token \"}\", expecting \",\" or \";\" or \"{\" at D:\\soft en\\git-group-repository-group-5-sec-1\\InitialProject\\Source_Code\\app\\Models\\Category.php:11)
[stacktrace]
#0 {main}
"} 
[2025-02-09 15:57:13] local.ERROR: syntax error, unexpected token "}", expecting "," or ";" or "{" {"exception":"[object] (Symfony\\Component\\ErrorHandler\\Error\\FatalError(code: 0): syntax error, unexpected token \"}\", expecting \",\" or \";\" or \"{\" at D:\\soft en\\git-group-repository-group-5-sec-1\\InitialProject\\Source_Code\\app\\Models\\Category.php:11)
[stacktrace]
#0 {main}
"} 
[2025-02-09 15:58:13] local.ERROR: syntax error, unexpected token "}", expecting "," or ";" or "{" {"exception":"[object] (Symfony\\Component\\ErrorHandler\\Error\\FatalError(code: 0): syntax error, unexpected token \"}\", expecting \",\" or \";\" or \"{\" at D:\\soft en\\git-group-repository-group-5-sec-1\\InitialProject\\Source_Code\\app\\Models\\Category.php:11)
[stacktrace]
#0 {main}
"} 
[2025-02-09 15:59:13] local.ERROR: syntax error, unexpected token "}", expecting "," or ";" or "{" {"exception":"[object] (Symfony\\Component\\ErrorHandler\\Error\\FatalError(code: 0): syntax error, unexpected token \"}\", expecting \",\" or \";\" or \"{\" at D:\\soft en\\git-group-repository-group-5-sec-1\\InitialProject\\Source_Code\\app\\Models\\Category.php:11)
[stacktrace]
#0 {main}
"} 
[2025-02-09 16:00:13] local.ERROR: syntax error, unexpected token "}", expecting "," or ";" or "{" {"exception":"[object] (Symfony\\Component\\ErrorHandler\\Error\\FatalError(code: 0): syntax error, unexpected token \"}\", expecting \",\" or \";\" or \"{\" at D:\\soft en\\git-group-repository-group-5-sec-1\\InitialProject\\Source_Code\\app\\Models\\Category.php:11)
[stacktrace]
#0 {main}
"} 
[2025-02-09 16:01:12] local.ERROR: syntax error, unexpected token "}", expecting "," or ";" or "{" {"exception":"[object] (Symfony\\Component\\ErrorHandler\\Error\\FatalError(code: 0): syntax error, unexpected token \"}\", expecting \",\" or \";\" or \"{\" at D:\\soft en\\git-group-repository-group-5-sec-1\\InitialProject\\Source_Code\\app\\Models\\Category.php:11)
[stacktrace]
#0 {main}
"} 
[2025-02-09 16:02:13] local.ERROR: syntax error, unexpected token "}", expecting "," or ";" or "{" {"exception":"[object] (Symfony\\Component\\ErrorHandler\\Error\\FatalError(code: 0): syntax error, unexpected token \"}\", expecting \",\" or \";\" or \"{\" at D:\\soft en\\git-group-repository-group-5-sec-1\\InitialProject\\Source_Code\\app\\Models\\Category.php:11)
[stacktrace]
#0 {main}
"} 
[2025-02-09 16:03:13] local.ERROR: syntax error, unexpected token "}", expecting "," or ";" or "{" {"exception":"[object] (Symfony\\Component\\ErrorHandler\\Error\\FatalError(code: 0): syntax error, unexpected token \"}\", expecting \",\" or \";\" or \"{\" at D:\\soft en\\git-group-repository-group-5-sec-1\\InitialProject\\Source_Code\\app\\Models\\Category.php:11)
[stacktrace]
#0 {main}
"} 
[2025-02-09 16:04:12] local.ERROR: syntax error, unexpected token "}", expecting "," or ";" or "{" {"exception":"[object] (Symfony\\Component\\ErrorHandler\\Error\\FatalError(code: 0): syntax error, unexpected token \"}\", expecting \",\" or \";\" or \"{\" at D:\\soft en\\git-group-repository-group-5-sec-1\\InitialProject\\Source_Code\\app\\Models\\Category.php:11)
[stacktrace]
#0 {main}
"} 
[2025-02-09 16:05:13] local.ERROR: syntax error, unexpected token "}", expecting "," or ";" or "{" {"exception":"[object] (Symfony\\Component\\ErrorHandler\\Error\\FatalError(code: 0): syntax error, unexpected token \"}\", expecting \",\" or \";\" or \"{\" at D:\\soft en\\git-group-repository-group-5-sec-1\\InitialProject\\Source_Code\\app\\Models\\Category.php:11)
[stacktrace]
#0 {main}
"} 
[2025-02-09 16:06:13] local.ERROR: syntax error, unexpected token "}", expecting "," or ";" or "{" {"exception":"[object] (Symfony\\Component\\ErrorHandler\\Error\\FatalError(code: 0): syntax error, unexpected token \"}\", expecting \",\" or \";\" or \"{\" at D:\\soft en\\git-group-repository-group-5-sec-1\\InitialProject\\Source_Code\\app\\Models\\Category.php:11)
[stacktrace]
#0 {main}
"} 
[2025-02-09 16:07:12] local.ERROR: syntax error, unexpected token "}", expecting "," or ";" or "{" {"exception":"[object] (Symfony\\Component\\ErrorHandler\\Error\\FatalError(code: 0): syntax error, unexpected token \"}\", expecting \",\" or \";\" or \"{\" at D:\\soft en\\git-group-repository-group-5-sec-1\\InitialProject\\Source_Code\\app\\Models\\Category.php:11)
[stacktrace]
#0 {main}
"} 
[2025-02-09 16:08:13] local.ERROR: syntax error, unexpected token "}", expecting "," or ";" or "{" {"exception":"[object] (Symfony\\Component\\ErrorHandler\\Error\\FatalError(code: 0): syntax error, unexpected token \"}\", expecting \",\" or \";\" or \"{\" at D:\\soft en\\git-group-repository-group-5-sec-1\\InitialProject\\Source_Code\\app\\Models\\Category.php:11)
[stacktrace]
#0 {main}
"} 
[2025-02-09 16:09:13] local.ERROR: syntax error, unexpected token "}", expecting "," or ";" or "{" {"exception":"[object] (Symfony\\Component\\ErrorHandler\\Error\\FatalError(code: 0): syntax error, unexpected token \"}\", expecting \",\" or \";\" or \"{\" at D:\\soft en\\git-group-repository-group-5-sec-1\\InitialProject\\Source_Code\\app\\Models\\Category.php:11)
[stacktrace]
#0 {main}
"} 
[2025-02-09 16:10:12] local.ERROR: syntax error, unexpected token "}", expecting "," or ";" or "{" {"exception":"[object] (Symfony\\Component\\ErrorHandler\\Error\\FatalError(code: 0): syntax error, unexpected token \"}\", expecting \",\" or \";\" or \"{\" at D:\\soft en\\git-group-repository-group-5-sec-1\\InitialProject\\Source_Code\\app\\Models\\Category.php:11)
[stacktrace]
#0 {main}
"} 
[2025-02-09 16:11:13] local.ERROR: syntax error, unexpected token "}", expecting "," or ";" or "{" {"exception":"[object] (Symfony\\Component\\ErrorHandler\\Error\\FatalError(code: 0): syntax error, unexpected token \"}\", expecting \",\" or \";\" or \"{\" at D:\\soft en\\git-group-repository-group-5-sec-1\\InitialProject\\Source_Code\\app\\Models\\Category.php:11)
[stacktrace]
#0 {main}
"} 
[2025-02-09 16:12:13] local.ERROR: syntax error, unexpected token "}", expecting "," or ";" or "{" {"exception":"[object] (Symfony\\Component\\ErrorHandler\\Error\\FatalError(code: 0): syntax error, unexpected token \"}\", expecting \",\" or \";\" or \"{\" at D:\\soft en\\git-group-repository-group-5-sec-1\\InitialProject\\Source_Code\\app\\Models\\Category.php:11)
[stacktrace]
#0 {main}
"} 
[2025-02-09 16:13:13] local.ERROR: syntax error, unexpected token "}", expecting "," or ";" or "{" {"exception":"[object] (Symfony\\Component\\ErrorHandler\\Error\\FatalError(code: 0): syntax error, unexpected token \"}\", expecting \",\" or \";\" or \"{\" at D:\\soft en\\git-group-repository-group-5-sec-1\\InitialProject\\Source_Code\\app\\Models\\Category.php:11)
[stacktrace]
#0 {main}
"} 
[2025-02-09 16:14:13] local.ERROR: syntax error, unexpected token "}", expecting "," or ";" or "{" {"exception":"[object] (Symfony\\Component\\ErrorHandler\\Error\\FatalError(code: 0): syntax error, unexpected token \"}\", expecting \",\" or \";\" or \"{\" at D:\\soft en\\git-group-repository-group-5-sec-1\\InitialProject\\Source_Code\\app\\Models\\Category.php:11)
[stacktrace]
#0 {main}
"} 
[2025-02-09 16:15:13] local.ERROR: syntax error, unexpected token "}", expecting "," or ";" or "{" {"exception":"[object] (Symfony\\Component\\ErrorHandler\\Error\\FatalError(code: 0): syntax error, unexpected token \"}\", expecting \",\" or \";\" or \"{\" at D:\\soft en\\git-group-repository-group-5-sec-1\\InitialProject\\Source_Code\\app\\Models\\Category.php:11)
[stacktrace]
#0 {main}
"} 
[2025-02-09 16:16:13] local.ERROR: syntax error, unexpected token "}", expecting "," or ";" or "{" {"exception":"[object] (Symfony\\Component\\ErrorHandler\\Error\\FatalError(code: 0): syntax error, unexpected token \"}\", expecting \",\" or \";\" or \"{\" at D:\\soft en\\git-group-repository-group-5-sec-1\\InitialProject\\Source_Code\\app\\Models\\Category.php:11)
[stacktrace]
#0 {main}
"} 
[2025-02-09 16:17:13] local.ERROR: syntax error, unexpected token "}", expecting "," or ";" or "{" {"exception":"[object] (Symfony\\Component\\ErrorHandler\\Error\\FatalError(code: 0): syntax error, unexpected token \"}\", expecting \",\" or \";\" or \"{\" at D:\\soft en\\git-group-repository-group-5-sec-1\\InitialProject\\Source_Code\\app\\Models\\Category.php:11)
[stacktrace]
#0 {main}
"} 
[2025-02-09 16:18:13] local.ERROR: syntax error, unexpected token "}", expecting "," or ";" or "{" {"exception":"[object] (Symfony\\Component\\ErrorHandler\\Error\\FatalError(code: 0): syntax error, unexpected token \"}\", expecting \",\" or \";\" or \"{\" at D:\\soft en\\git-group-repository-group-5-sec-1\\InitialProject\\Source_Code\\app\\Models\\Category.php:11)
[stacktrace]
#0 {main}
"} 
[2025-02-09 16:19:13] local.ERROR: syntax error, unexpected token "}", expecting "," or ";" or "{" {"exception":"[object] (Symfony\\Component\\ErrorHandler\\Error\\FatalError(code: 0): syntax error, unexpected token \"}\", expecting \",\" or \";\" or \"{\" at D:\\soft en\\git-group-repository-group-5-sec-1\\InitialProject\\Source_Code\\app\\Models\\Category.php:11)
[stacktrace]
#0 {main}
"} 
[2025-02-09 16:20:13] local.ERROR: syntax error, unexpected token "}", expecting "," or ";" or "{" {"exception":"[object] (Symfony\\Component\\ErrorHandler\\Error\\FatalError(code: 0): syntax error, unexpected token \"}\", expecting \",\" or \";\" or \"{\" at D:\\soft en\\git-group-repository-group-5-sec-1\\InitialProject\\Source_Code\\app\\Models\\Category.php:11)
[stacktrace]
#0 {main}
"} 
[2025-02-09 16:21:13] local.ERROR: syntax error, unexpected token "}", expecting "," or ";" or "{" {"exception":"[object] (Symfony\\Component\\ErrorHandler\\Error\\FatalError(code: 0): syntax error, unexpected token \"}\", expecting \",\" or \";\" or \"{\" at D:\\soft en\\git-group-repository-group-5-sec-1\\InitialProject\\Source_Code\\app\\Models\\Category.php:11)
[stacktrace]
#0 {main}
"} 
[2025-02-09 19:04:45] local.ERROR: syntax error, unexpected token "}", expecting "," or ";" or "{" {"exception":"[object] (Symfony\\Component\\ErrorHandler\\Error\\FatalError(code: 0): syntax error, unexpected token \"}\", expecting \",\" or \";\" or \"{\" at D:\\soft en\\git-group-repository-group-5-sec-1\\InitialProject\\Source_Code\\app\\Models\\Category.php:11)
[stacktrace]
#0 {main}
"} 
[2025-02-09 19:04:49] local.ERROR: syntax error, unexpected token "}", expecting "," or ";" or "{" {"exception":"[object] (Symfony\\Component\\ErrorHandler\\Error\\FatalError(code: 0): syntax error, unexpected token \"}\", expecting \",\" or \";\" or \"{\" at D:\\soft en\\git-group-repository-group-5-sec-1\\InitialProject\\Source_Code\\app\\Models\\Category.php:11)
[stacktrace]
#0 {main}
"} 
[2025-02-09 19:05:46] local.ERROR: syntax error, unexpected token "}", expecting "," or ";" or "{" {"exception":"[object] (Symfony\\Component\\ErrorHandler\\Error\\FatalError(code: 0): syntax error, unexpected token \"}\", expecting \",\" or \";\" or \"{\" at D:\\soft en\\git-group-repository-group-5-sec-1\\InitialProject\\Source_Code\\app\\Models\\Category.php:11)
[stacktrace]
#0 {main}
"} 
[2025-02-09 19:06:46] local.ERROR: syntax error, unexpected token "}", expecting "," or ";" or "{" {"exception":"[object] (Symfony\\Component\\ErrorHandler\\Error\\FatalError(code: 0): syntax error, unexpected token \"}\", expecting \",\" or \";\" or \"{\" at D:\\soft en\\git-group-repository-group-5-sec-1\\InitialProject\\Source_Code\\app\\Models\\Category.php:11)
[stacktrace]
#0 {main}
"} 
[2025-02-09 19:07:46] local.ERROR: syntax error, unexpected token "}", expecting "," or ";" or "{" {"exception":"[object] (Symfony\\Component\\ErrorHandler\\Error\\FatalError(code: 0): syntax error, unexpected token \"}\", expecting \",\" or \";\" or \"{\" at D:\\soft en\\git-group-repository-group-5-sec-1\\InitialProject\\Source_Code\\app\\Models\\Category.php:11)
[stacktrace]
#0 {main}
"} 
[2025-02-09 19:08:46] local.ERROR: syntax error, unexpected token "}", expecting "," or ";" or "{" {"exception":"[object] (Symfony\\Component\\ErrorHandler\\Error\\FatalError(code: 0): syntax error, unexpected token \"}\", expecting \",\" or \";\" or \"{\" at D:\\soft en\\git-group-repository-group-5-sec-1\\InitialProject\\Source_Code\\app\\Models\\Category.php:11)
[stacktrace]
#0 {main}
"} 
[2025-02-09 19:09:46] local.ERROR: syntax error, unexpected token "}", expecting "," or ";" or "{" {"exception":"[object] (Symfony\\Component\\ErrorHandler\\Error\\FatalError(code: 0): syntax error, unexpected token \"}\", expecting \",\" or \";\" or \"{\" at D:\\soft en\\git-group-repository-group-5-sec-1\\InitialProject\\Source_Code\\app\\Models\\Category.php:11)
[stacktrace]
#0 {main}
"} 
[2025-02-09 19:10:46] local.ERROR: syntax error, unexpected token "}", expecting "," or ";" or "{" {"exception":"[object] (Symfony\\Component\\ErrorHandler\\Error\\FatalError(code: 0): syntax error, unexpected token \"}\", expecting \",\" or \";\" or \"{\" at D:\\soft en\\git-group-repository-group-5-sec-1\\InitialProject\\Source_Code\\app\\Models\\Category.php:11)
[stacktrace]
#0 {main}
"} 
[2025-02-09 19:11:47] local.ERROR: syntax error, unexpected token "}", expecting "," or ";" or "{" {"exception":"[object] (Symfony\\Component\\ErrorHandler\\Error\\FatalError(code: 0): syntax error, unexpected token \"}\", expecting \",\" or \";\" or \"{\" at D:\\soft en\\git-group-repository-group-5-sec-1\\InitialProject\\Source_Code\\app\\Models\\Category.php:11)
[stacktrace]
#0 {main}
"} 
[2025-02-09 19:12:46] local.ERROR: syntax error, unexpected token "}", expecting "," or ";" or "{" {"exception":"[object] (Symfony\\Component\\ErrorHandler\\Error\\FatalError(code: 0): syntax error, unexpected token \"}\", expecting \",\" or \";\" or \"{\" at D:\\soft en\\git-group-repository-group-5-sec-1\\InitialProject\\Source_Code\\app\\Models\\Category.php:11)
[stacktrace]
#0 {main}
"} 
[2025-02-09 19:13:46] local.ERROR: syntax error, unexpected token "}", expecting "," or ";" or "{" {"exception":"[object] (Symfony\\Component\\ErrorHandler\\Error\\FatalError(code: 0): syntax error, unexpected token \"}\", expecting \",\" or \";\" or \"{\" at D:\\soft en\\git-group-repository-group-5-sec-1\\InitialProject\\Source_Code\\app\\Models\\Category.php:11)
[stacktrace]
#0 {main}
"} 
[2025-02-09 19:14:46] local.ERROR: syntax error, unexpected token "}", expecting "," or ";" or "{" {"exception":"[object] (Symfony\\Component\\ErrorHandler\\Error\\FatalError(code: 0): syntax error, unexpected token \"}\", expecting \",\" or \";\" or \"{\" at D:\\soft en\\git-group-repository-group-5-sec-1\\InitialProject\\Source_Code\\app\\Models\\Category.php:11)
[stacktrace]
#0 {main}
"} 
[2025-02-09 19:15:46] local.ERROR: syntax error, unexpected token "}", expecting "," or ";" or "{" {"exception":"[object] (Symfony\\Component\\ErrorHandler\\Error\\FatalError(code: 0): syntax error, unexpected token \"}\", expecting \",\" or \";\" or \"{\" at D:\\soft en\\git-group-repository-group-5-sec-1\\InitialProject\\Source_Code\\app\\Models\\Category.php:11)
[stacktrace]
#0 {main}
"} 
[2025-02-09 19:16:46] local.ERROR: syntax error, unexpected token "}", expecting "," or ";" or "{" {"exception":"[object] (Symfony\\Component\\ErrorHandler\\Error\\FatalError(code: 0): syntax error, unexpected token \"}\", expecting \",\" or \";\" or \"{\" at D:\\soft en\\git-group-repository-group-5-sec-1\\InitialProject\\Source_Code\\app\\Models\\Category.php:11)
[stacktrace]
#0 {main}
"} 
